0 info it worked if it ends with ok
1 verbose cli [ '/usr/bin/nodejs', '/usr/bin/npm', 'run', 'compile-server' ]
2 info using npm@3.10.9
3 info using node@v7.1.0
4 verbose run-script [ 'precompile-server', 'compile-server', 'postcompile-server' ]
5 info lifecycle smart-downloader@1.0.0~precompile-server: smart-downloader@1.0.0
6 silly lifecycle smart-downloader@1.0.0~precompile-server: no script for precompile-server, continuing
7 info lifecycle smart-downloader@1.0.0~compile-server: smart-downloader@1.0.0
8 verbose lifecycle smart-downloader@1.0.0~compile-server: unsafe-perm in lifecycle true
9 verbose lifecycle smart-downloader@1.0.0~compile-server: PATH: /usr/lib/node_modules/npm/bin/node-gyp-bin:/home/rafau/Source/smart-downloader/node_modules/.bin:/home/rafau/bin:/home/rafau/.local/bin:/usr/local/sbin:/usr/local/bin:/usr/sbin:/usr/bin:/sbin:/bin:/usr/games:/usr/local/games
10 verbose lifecycle smart-downloader@1.0.0~compile-server: CWD: /home/rafau/Source/smart-downloader
11 silly lifecycle smart-downloader@1.0.0~compile-server: Args: [ '-c', 'tsc' ]
12 silly lifecycle smart-downloader@1.0.0~compile-server: Returned: code: 2  signal: null
13 info lifecycle smart-downloader@1.0.0~compile-server: Failed to exec compile-server script
14 verbose stack Error: smart-downloader@1.0.0 compile-server: `tsc`
14 verbose stack Exit status 2
14 verbose stack     at EventEmitter.<anonymous> (/usr/lib/node_modules/npm/lib/utils/lifecycle.js:255:16)
14 verbose stack     at emitTwo (events.js:106:13)
14 verbose stack     at EventEmitter.emit (events.js:191:7)
14 verbose stack     at ChildProcess.<anonymous> (/usr/lib/node_modules/npm/lib/utils/spawn.js:40:14)
14 verbose stack     at emitTwo (events.js:106:13)
14 verbose stack     at ChildProcess.emit (events.js:191:7)
14 verbose stack     at maybeClose (internal/child_process.js:885:16)
14 verbose stack     at Process.ChildProcess._handle.onexit (internal/child_process.js:226:5)
15 verbose pkgid smart-downloader@1.0.0
16 verbose cwd /home/rafau/Source/smart-downloader
17 error Linux 4.4.0-47-generic
18 error argv "/usr/bin/nodejs" "/usr/bin/npm" "run" "compile-server"
19 error node v7.1.0
20 error npm  v3.10.9
21 error code ELIFECYCLE
22 error smart-downloader@1.0.0 compile-server: `tsc`
22 error Exit status 2
23 error Failed at the smart-downloader@1.0.0 compile-server script 'tsc'.
23 error Make sure you have the latest version of node.js and npm installed.
23 error If you do, this is most likely a problem with the smart-downloader package,
23 error not with npm itself.
23 error Tell the author that this fails on your system:
23 error     tsc
23 error You can get information on how to open an issue for this project with:
23 error     npm bugs smart-downloader
23 error Or if that isn't available, you can get their info via:
23 error     npm owner ls smart-downloader
23 error There is likely additional logging output above.
24 verbose exit [ 1, true ]
